mktextfm _
mktextfm _
mktextfm _
mktextfm _/BI
mktextfm _
mktextfm _/B
mktextfm _
mktextfm _/I
mktextfm _
mktextfm _
mktextfm _
mktextfm _/OT
mktextfm _/OT
mktextfm _/OT
mktextfm _/BI/OT
mktextfm _/OT
mktextfm _/B/OT
mktextfm _/OT
mktextfm _/I/OT
mktextfm _/OT
mktextfm _/OT
mktextfm _/OT
mktextfm _
mktextfm _
mktextfm _/OT
mktextfm _/OT
mktextfm _
mktextfm _
mktextfm _/OT
mktextfm _/OT
mktextfm _/OT
mktextfm _/BI/OT
mktextfm _/OT
mktextfm _/B/OT
mktextfm _/OT
mktextfm _/I/OT
mktextfm _/OT
mktextfm _/OT
mktextfm _/OT
mktextfm _
mktextfm _
mktextfm _/OT
mktextfm _/OT
mktextfm _/OT
mktextfm _/BI/OT
mktextfm _/OT
mktextfm _/B/OT
mktextfm _/OT
mktextfm _/I/OT
mktextfm _/OT
mktextfm _/OT
mktextfm _/OT
